# JRE version: Java(TM) SE Runtime Environment (8.0_73-b02) (build 1.8.0_73-b02)
# Java VM: Java HotSpot(TM) 64-Bit Server VM (25.73-b02 mixed mode bsd-amd64 compressed oops)
Heap:
 PSYoungGen      total 182272K, used 163800K [0x00000007aab00000, 0x00000007b8680000, 0x00000007c0000000)
  eden space 159232K, 88% used [0x00000007aab00000,0x00000007b34a81a8,0x00000007b4680000)
  from space 23040K, 99% used [0x00000007b4980000,0x00000007b5fcdfc8,0x00000007b6000000)
  to   space 32768K, 0% used [0x00000007b6680000,0x00000007b6680000,0x00000007b8680000)
 ParOldGen       total 305664K, used 249779K [0x0000000780000000, 0x0000000792a80000, 0x00000007aab00000)
  object space 305664K, 81% used [0x0000000780000000,0x000000078f3ecd48,0x0000000792a80000)
 Metaspace       used 119214K, capacity 127752K, committed 128000K, reserved 1161216K
  class space    used 14159K, capacity 16892K, committed 16896K, reserved 1048576K
GC Heap History (10 events):
Event: 29392.409 GC heap before
{Heap before GC invocations=121 (full 26):
 PSYoungGen      total 202752K, used 184449K [0x00000007aab00000, 0x00000007b9680000, 0x00000007c0000000)
  eden space 174592K, 100% used [0x00000007aab00000,0x00000007b5580000,0x00000007b5580000)
  from space 28160K, 35% used [0x00000007b7b00000,0x00000007b84a05a0,0x00000007b9680000)
  to   space 33280K, 0% used [0x00000007b5580000,0x00000007b5580000,0x00000007b7600000)
 ParOldGen       total 305664K, used 249104K [0x0000000780000000, 0x0000000792a80000, 0x00000007aab00000)
  object space 305664K, 81% used [0x0000000780000000,0x000000078f344208,0x0000000792a80000)
 Metaspace       used 113047K, capacity 121180K, committed 121344K, reserved 1155072K
  class space    used 13349K, capacity 15849K, committed 15872K, reserved 1048576K
Event: 29392.432 GC heap after
Heap after GC invocations=121 (full 26):
 PSYoungGen      total 185344K, used 13626K [0x00000007aab00000, 0x00000007b9080000, 0x00000007c0000000)
  eden space 171520K, 0% used [0x00000007aab00000,0x00000007aab00000,0x00000007b5280000)
  from space 13824K, 98% used [0x00000007b5580000,0x00000007b62cebf8,0x00000007b6300000)
  to   space 31744K, 0% used [0x00000007b7180000,0x00000007b7180000,0x00000007b9080000)
 ParOldGen       total 305664K, used 249120K [0x0000000780000000, 0x0000000792a80000, 0x00000007aab00000)
  object space 305664K, 81% used [0x0000000780000000,0x000000078f348208,0x0000000792a80000)
 Metaspace       used 113047K, capacity 121180K, committed 121344K, reserved 1155072K
  class space    used 13349K, capacity 15849K, committed 15872K, reserved 1048576K
}
Event: 29705.406 GC heap before
{Heap before GC invocations=122 (full 26):
 PSYoungGen      total 185344K, used 185146K [0x00000007aab00000, 0x00000007b9080000, 0x00000007c0000000)
  eden space 171520K, 100% used [0x00000007aab00000,0x00000007b5280000,0x00000007b5280000)
  from space 13824K, 98% used [0x00000007b5580000,0x00000007b62cebf8,0x00000007b6300000)
  to   space 31744K, 0% used [0x00000007b7180000,0x00000007b7180000,0x00000007b9080000)
 ParOldGen       total 305664K, used 249120K [0x0000000780000000, 0x0000000792a80000, 0x00000007aab00000)
  object space 305664K, 81% used [0x0000000780000000,0x000000078f348208,0x0000000792a80000)
 Metaspace       used 114160K, capacity 122594K, committed 122624K, reserved 1155072K
  class space    used 13509K, capacity 16127K, committed 16128K, reserved 1048576K
Event: 29705.499 GC heap after
Heap after GC invocations=122 (full 26):
 PSYoungGen      total 194048K, used 13608K [0x00000007aab00000, 0x00000007b8a80000, 0x00000007c0000000)
  eden space 168448K, 0% used [0x00000007aab00000,0x00000007aab00000,0x00000007b4f80000)
  from space 25600K, 53% used [0x00000007b7180000,0x00000007b7eca198,0x00000007b8a80000)
  to   space 30208K, 0% used [0x00000007b4f80000,0x00000007b4f80000,0x00000007b6d00000)
 ParOldGen       total 305664K, used 249136K [0x0000000780000000, 0x0000000792a80000, 0x00000007aab00000)
  object space 305664K, 81% used [0x0000000780000000,0x000000078f34c208,0x0000000792a80000)
 Metaspace       used 114160K, capacity 122594K, committed 122624K, reserved 1155072K
  class space    used 13509K, capacity 16127K, committed 16128K, reserved 1048576K
}
Event: 29925.604 GC heap before
{Heap before GC invocations=123 (full 26):
 PSYoungGen      total 194048K, used 182056K [0x00000007aab00000, 0x00000007b8a80000, 0x00000007c0000000)
  eden space 168448K, 100% used [0x00000007aab00000,0x00000007b4f80000,0x00000007b4f80000)
  from space 25600K, 53% used [0x00000007b7180000,0x00000007b7eca198,0x00000007b8a80000)
  to   space 30208K, 0% used [0x00000007b4f80000,0x00000007b4f80000,0x00000007b6d00000)
 ParOldGen       total 305664K, used 249136K [0x0000000780000000, 0x0000000792a80000, 0x00000007aab00000)
  object space 305664K, 81% used [0x0000000780000000,0x000000078f34c208,0x0000000792a80000)
 Metaspace       used 115324K, capacity 123880K, committed 124160K, reserved 1157120K
  class space    used 13675K, capacity 16321K, committed 16384K, reserved 1048576K
Event: 29925.629 GC heap after
Heap after GC invocations=123 (full 26):
 PSYoungGen      total 181760K, used 16356K [0x00000007aab00000, 0x00000007b8780000, 0x00000007c0000000)
  eden space 165376K, 0% used [0x00000007aab00000,0x00000007aab00000,0x00000007b4c80000)
  from space 16384K, 99% used [0x00000007b4f80000,0x00000007b5f791a8,0x00000007b5f80000)
  to   space 30208K, 0% used [0x00000007b6a00000,0x00000007b6a00000,0x00000007b8780000)
 ParOldGen       total 305664K, used 249176K [0x0000000780000000, 0x0000000792a80000, 0x00000007aab00000)
  object space 305664K, 81% used [0x0000000780000000,0x000000078f356208,0x0000000792a80000)
 Metaspace       used 115324K, capacity 123880K, committed 124160K, reserved 1157120K
  class space    used 13675K, capacity 16321K, committed 16384K, reserved 1048576K
}
Event: 30219.588 GC heap before
{Heap before GC invocations=124 (full 26):
 PSYoungGen      total 181760K, used 181732K [0x00000007aab00000, 0x00000007b8780000, 0x00000007c0000000)
  eden space 165376K, 100% used [0x00000007aab00000,0x00000007b4c80000,0x00000007b4c80000)
  from space 16384K, 99% used [0x00000007b4f80000,0x00000007b5f791a8,0x00000007b5f80000)
  to   space 30208K, 0% used [0x00000007b6a00000,0x00000007b6a00000,0x00000007b8780000)
 ParOldGen       total 305664K, used 249176K [0x0000000780000000, 0x0000000792a80000, 0x00000007aab00000)
  object space 305664K, 81% used [0x0000000780000000,0x000000078f356208,0x0000000792a80000)
 Metaspace       used 115399K, capacity 123904K, committed 124160K, reserved 1157120K
  class space    used 13679K, capacity 16325K, committed 16384K, reserved 1048576K
Event: 30219.627 GC heap after
Heap after GC invocations=124 (full 26):
 PSYoungGen      total 190464K, used 19258K [0x00000007aab00000, 0x00000007b8580000, 0x00000007c0000000)
  eden space 162304K, 0% used [0x00000007aab00000,0x00000007aab00000,0x00000007b4980000)
  from space 28160K, 68% used [0x00000007b6a00000,0x00000007b7ccea90,0x00000007b8580000)
  to   space 30720K, 0% used [0x00000007b4980000,0x00000007b4980000,0x00000007b6780000)
 ParOldGen       total 305664K, used 249208K [0x0000000780000000, 0x0000000792a80000, 0x00000007aab00000)
  object space 305664K, 81% used [0x0000000780000000,0x000000078f35e208,0x0000000792a80000)
 Metaspace       used 115399K, capacity 123904K, committed 124160K, reserved 1157120K
  class space    used 13679K, capacity 16325K, committed 16384K, reserved 1048576K
}
Event: 31569.122 GC heap before
{Heap before GC invocations=125 (full 26):
 PSYoungGen      total 190464K, used 181562K [0x00000007aab00000, 0x00000007b8580000, 0x00000007c0000000)
  eden space 162304K, 100% used [0x00000007aab00000,0x00000007b4980000,0x00000007b4980000)
  from space 28160K, 68% used [0x00000007b6a00000,0x00000007b7ccea90,0x00000007b8580000)
  to   space 30720K, 0% used [0x00000007b4980000,0x00000007b4980000,0x00000007b6780000)
 ParOldGen       total 305664K, used 249208K [0x0000000780000000, 0x0000000792a80000, 0x00000007aab00000)
  object space 305664K, 81% used [0x0000000780000000,0x000000078f35e208,0x0000000792a80000)
 Metaspace       used 118186K, capacity 126676K, committed 126848K, reserved 1159168K
  class space    used 14018K, capacity 16714K, committed 16768K, reserved 1048576K
Event: 31569.259 GC heap after
Heap after GC invocations=125 (full 26):
 PSYoungGen      total 182272K, used 22839K [0x00000007aab00000, 0x00000007b8680000, 0x00000007c0000000)
  eden space 159232K, 0% used [0x00000007aab00000,0x00000007aab00000,0x00000007b4680000)
  from space 23040K, 99% used [0x00000007b4980000,0x00000007b5fcdfc8,0x00000007b6000000)
  to   space 32768K, 0% used [0x00000007b6680000,0x00000007b6680000,0x00000007b8680000)
 ParOldGen       total 305664K, used 249779K [0x0000000780000000, 0x0000000792a80000, 0x00000007aab00000)
  object space 305664K, 81% used [0x0000000780000000,0x000000078f3ecd48,0x0000000792a80000)
 Metaspace       used 118186K, capacity 126676K, committed 126848K, reserved 1159168K
  class space    used 14018K, capacity 16714K, committed 16768K, reserved 1048576K
}

